2023-10-22 21:42:54 User 20080678 logged in successfully.
2023-10-22 21:43:48 2023-10-22 21:43:48 Exception: Student with the same ID already exists.
DuplicateDataException: Student with the same ID already exists.
	at DAO.addStudent(DAO.java:144)
	at Server.addStudent(Server.java:57)
	at java.base/jdk.internal.reflect.NativeMethodAccessorImpl.invoke0(Native Method)
	at java.base/jdk.internal.reflect.NativeMethodAccessorImpl.invoke(NativeMethodAccessorImpl.java:77)
	at java.base/jdk.internal.reflect.DelegatingMethodAccessorImpl.invoke(DelegatingMethodAccessorImpl.java:43)
	at java.base/java.lang.Thread.run(Thread.java:833)
2023-10-22 23:05:08 User 20130094 logged in successfully.
2023-10-23 15:10:51 2023-10-23 15:10:51 Exception: Connection refused to host: 192.168.0.30; nested exception is: 
	java.net.ConnectException: Connection refused: connect
java.rmi.ConnectException: Connection refused to host: 192.168.0.30; nested exception is: 
	java.net.ConnectException: Connection refused: connect
	at java.rmi/sun.rmi.transport.tcp.TCPEndpoint.newSocket(TCPEndpoint.java:626)
Caused by: java.net.ConnectException: Connection refused: connect
2023-10-23 15:31:47 User 20100125 signed up successfully 
2023-10-23 15:32:01 User 20100323 signed up successfully 
2023-10-23 15:38:32 User 20100323 logged in successfully.
2023-10-23 22:25:38 User 20100323 logged in successfully.
2023-10-23 22:27:00 Login failed for user Not User
2023-10-24 03:11:21 User 20100323 logged in successfully.
2023-10-24 03:23:57 User 20100323 logged in successfully.
2023-10-24 03:24:30 2023-10-24 03:24:30 Exception: Student with the same ID already exists.
DuplicateDataException: Student with the same ID already exists.
	at DAO.addStudent(DAO.java:144)
	at Server.addStudent(Server.java:57)
	at java.base/jdk.internal.reflect.NativeMethodAccessorImpl.invoke0(Native Method)
	at java.base/jdk.internal.reflect.NativeMethodAccessorImpl.invoke(NativeMethodAccessorImpl.java:77)
	at java.base/jdk.internal.reflect.DelegatingMethodAccessorImpl.invoke(DelegatingMethodAccessorImpl.java:43)
	at java.base/java.lang.reflect.Method.invoke(Method.java:568)
	at java.rmi/sun.rmi.server.UnicastServerRef.dispatch(UnicastServerRef.java:360)
	at java.rmi/sun.rmi.transport.Transport$1.run(Transport.java:200)
	at java.rmi/sun.rmi.transport.Transport$1.run(Transport.java:197)
	at java.base/java.security.AccessController.doPrivileged(AccessController.java:712)
	at java.rmi/sun.rmi.transport.Transport.serviceCall(Transport.java:196)
	at java.rmi/sun.rmi.transport.tcp.TCPTransport.handleMessages(TCPTransport.java:587)
	at java.rmi/sun.rmi.transport.tcp.TCPTransport$ConnectionHandler.run0(TCPTransport.java:828)
	at java.rmi/sun.rmi.transport.tcp.TCPTransport$ConnectionHandler.lambda$run$0(TCPTransport.java:705)
	at java.base/java.security.AccessController.doPrivileged(AccessController.java:399)
	at java.rmi/sun.rmi.transport.tcp.TCPTransport$ConnectionHandler.run(TCPTransport.java:704)
	at java.base/java.util.concurrent.ThreadPoolExecutor.runWorker(ThreadPoolExecutor.java:1136)
	at java.base/java.util.concurrent.ThreadPoolExecutor$Worker.run(ThreadPoolExecutor.java:635)
	at java.base/java.lang.Thread.run(Thread.java:833)
2023-10-24 03:33:06 Login failed for user 20100125
2023-10-24 03:42:06 User TokenDifferentException: The tokens don't match. signed up successfully 
2023-10-24 16:13:21 User 60201945s signed up successfully 
2023-10-24 16:17:40 Login failed for user ※ 학생 정보를 찾을 수 없습니다. ※
2023-10-24 16:19:13 Login failed for user 2424
2023-10-24 18:54:28 User 20100123 signed up successfully 
2023-10-24 18:55:53 User 20100123 logged in successfully.
2023-10-24 18:58:01 Login failed for user NotToken
2023-10-24 18:59:23 User 20100123 logged in successfully.
2023-10-24 19:10:13 User 20100123 logged in successfully.
2023-10-24 19:14:22 User 20100123 logged in successfully.
2023-10-24 19:33:53 User 20100123 logged in successfully.
2023-10-24 19:36:01 User 20100123 logged in successfully.
2023-10-24 19:42:59 User 20100123 signed up successfully 
2023-10-24 19:46:54 User 20100123 logged in successfully.
